{
  message: '😂 database is connected successfully',
  level: 'info',
  label: 'log',
  timestamp: '2023-07-27T04:21:08.673Z'
}
{
  message: 'Application listening on port 5000',
  level: 'info',
  label: 'log',
  timestamp: '2023-07-27T04:21:08.683Z'
}
{
  message: '😂 database is connected successfully',
  level: 'info',
  label: 'log',
  timestamp: '2023-07-27T04:21:25.492Z'
}
{
  message: 'Application listening on port 5000',
  level: 'info',
  label: 'log',
  timestamp: '2023-07-27T04:21:25.502Z'
}
{
  message: '😂 database is connected successfully',
  level: 'info',
  label: 'log',
  timestamp: '2023-07-27T04:22:50.161Z'
}
{
  message: 'Application listening on port 5000',
  level: 'info',
  label: 'log',
  timestamp: '2023-07-27T04:22:50.169Z'
}
{
  message: '😂 database is connected successfully',
  level: 'info',
  label: 'log',
  timestamp: '2023-07-27T04:27:09.058Z'
}
{
  message: 'Application listening on port 5000',
  level: 'info',
  label: 'log',
  timestamp: '2023-07-27T04:27:09.081Z'
}
{
  message: '😂 database is connected successfully',
  level: 'info',
  label: 'log',
  timestamp: '2023-07-27T04:28:41.293Z'
}
{
  message: 'Application listening on port 5000',
  level: 'info',
  label: 'log',
  timestamp: '2023-07-27T04:28:41.311Z'
}
{
  message: '😂 database is connected successfully',
  level: 'info',
  label: 'log',
  timestamp: '2023-07-27T04:29:24.324Z'
}
{
  message: 'Application listening on port 5000',
  level: 'info',
  label: 'log',
  timestamp: '2023-07-27T04:29:24.333Z'
}
{
  message: '😂 database is connected successfully',
  level: 'info',
  label: 'log',
  timestamp: '2023-07-27T04:29:51.931Z'
}
{
  message: 'Application listening on port 5000',
  level: 'info',
  label: 'log',
  timestamp: '2023-07-27T04:29:51.943Z'
}
{
  message: '😂 database is connected successfully',
  level: 'info',
  label: 'log',
  timestamp: '2023-07-27T04:30:36.009Z'
}
{
  message: 'Application listening on port 5000',
  level: 'info',
  label: 'log',
  timestamp: '2023-07-27T04:30:36.022Z'
}
{
  message: '😂 database is connected successfully',
  level: 'info',
  label: 'log',
  timestamp: '2023-07-27T04:35:07.157Z'
}
{
  message: 'Application listening on port 5000',
  level: 'info',
  label: 'log',
  timestamp: '2023-07-27T04:35:07.174Z'
}
{
  message: '😂 database is connected successfully',
  level: 'info',
  label: 'log',
  timestamp: '2023-07-27T04:35:11.814Z'
}
{
  message: 'Application listening on port 5000',
  level: 'info',
  label: 'log',
  timestamp: '2023-07-27T04:35:11.827Z'
}
{
  message: '😂 database is connected successfully',
  level: 'info',
  label: 'log',
  timestamp: '2023-07-27T04:36:34.693Z'
}
{
  message: 'Application listening on port 5000',
  level: 'info',
  label: 'log',
  timestamp: '2023-07-27T04:36:34.706Z'
}
{
  message: '😂 database is connected successfully',
  level: 'info',
  label: 'log',
  timestamp: '2023-07-27T04:37:00.562Z'
}
{
  message: 'Application listening on port 5000',
  level: 'info',
  label: 'log',
  timestamp: '2023-07-27T04:37:00.578Z'
}
{
  message: '😂 database is connected successfully',
  level: 'info',
  label: 'log',
  timestamp: '2023-07-27T04:38:24.289Z'
}
{
  message: 'Application listening on port 5000',
  level: 'info',
  label: 'log',
  timestamp: '2023-07-27T04:38:24.302Z'
}
{
  message: '😂 database is connected successfully',
  level: 'info',
  label: 'log',
  timestamp: '2023-07-27T04:38:41.887Z'
}
{
  message: 'Application listening on port 5000',
  level: 'info',
  label: 'log',
  timestamp: '2023-07-27T04:38:41.908Z'
}
{
  message: '😂 database is connected successfully',
  level: 'info',
  label: 'log',
  timestamp: '2023-07-27T04:39:14.593Z'
}
{
  message: 'Application listening on port 5000',
  level: 'info',
  label: 'log',
  timestamp: '2023-07-27T04:39:14.601Z'
}
{
  message: '😂 database is connected successfully',
  level: 'info',
  label: 'log',
  timestamp: '2023-07-27T04:40:47.732Z'
}
{
  message: 'Application listening on port 5000',
  level: 'info',
  label: 'log',
  timestamp: '2023-07-27T04:40:47.742Z'
}
{
  message: '😂 database is connected successfully',
  level: 'info',
  label: 'log',
  timestamp: '2023-07-27T04:41:02.958Z'
}
{
  message: 'Application listening on port 5000',
  level: 'info',
  label: 'log',
  timestamp: '2023-07-27T04:41:02.967Z'
}
{
  message: '😂 database is connected successfully',
  level: 'info',
  label: 'log',
  timestamp: '2023-07-27T04:47:42.566Z'
}
{
  message: 'Application listening on port 5000',
  level: 'info',
  label: 'log',
  timestamp: '2023-07-27T04:47:42.586Z'
}
{
  message: '😂 database is connected successfully',
  level: 'info',
  label: 'log',
  timestamp: '2023-07-27T04:49:32.432Z'
}
{
  message: 'Application listening on port 5000',
  level: 'info',
  label: 'log',
  timestamp: '2023-07-27T04:49:32.443Z'
}
{
  message: '😂 database is connected successfully',
  level: 'info',
  label: 'log',
  timestamp: '2023-07-27T04:51:02.570Z'
}
{
  message: 'Application listening on port 5000',
  level: 'info',
  label: 'log',
  timestamp: '2023-07-27T04:51:02.581Z'
}
{
  message: '😂 database is connected successfully',
  level: 'info',
  label: 'log',
  timestamp: '2023-07-27T04:51:38.527Z'
}
{
  message: 'Application listening on port 5000',
  level: 'info',
  label: 'log',
  timestamp: '2023-07-27T04:51:38.552Z'
}
{
  message: '😂 database is connected successfully',
  level: 'info',
  label: 'log',
  timestamp: '2023-07-27T04:52:24.033Z'
}
{
  message: 'Application listening on port 5000',
  level: 'info',
  label: 'log',
  timestamp: '2023-07-27T04:52:24.044Z'
}
{
  message: '😂 database is connected successfully',
  level: 'info',
  label: 'log',
  timestamp: '2023-07-27T04:52:30.732Z'
}
{
  message: 'Application listening on port 5000',
  level: 'info',
  label: 'log',
  timestamp: '2023-07-27T04:52:30.740Z'
}
