{
  message: '😂 database is connected successfully',
  level: 'info',
  label: 'log',
  timestamp: '2023-07-23T09:02:01.367Z'
}
{
  message: 'Application listening on port 5000',
  level: 'info',
  label: 'log',
  timestamp: '2023-07-23T09:02:01.376Z'
}
{
  message: '😂 database is connected successfully',
  level: 'info',
  label: 'log',
  timestamp: '2023-07-23T09:02:23.644Z'
}
{
  message: 'Application listening on port 5000',
  level: 'info',
  label: 'log',
  timestamp: '2023-07-23T09:02:23.653Z'
}
{
  message: '😂 database is connected successfully',
  level: 'info',
  label: 'log',
  timestamp: '2023-07-23T09:02:41.546Z'
}
{
  message: 'Application listening on port 5000',
  level: 'info',
  label: 'log',
  timestamp: '2023-07-23T09:02:41.564Z'
}
{
  message: '😂 database is connected successfully',
  level: 'info',
  label: 'log',
  timestamp: '2023-07-23T09:03:35.405Z'
}
{
  message: 'Application listening on port 5000',
  level: 'info',
  label: 'log',
  timestamp: '2023-07-23T09:03:35.422Z'
}
{
  message: '😂 database is connected successfully',
  level: 'info',
  label: 'log',
  timestamp: '2023-07-23T09:06:51.031Z'
}
{
  message: 'Application listening on port 5000',
  level: 'info',
  label: 'log',
  timestamp: '2023-07-23T09:06:51.041Z'
}
{
  message: '😂 database is connected successfully',
  level: 'info',
  label: 'log',
  timestamp: '2023-07-23T09:09:22.676Z'
}
{
  message: 'Application listening on port 5000',
  level: 'info',
  label: 'log',
  timestamp: '2023-07-23T09:09:22.688Z'
}
{
  message: '😂 database is connected successfully',
  level: 'info',
  label: 'log',
  timestamp: '2023-07-23T09:09:50.180Z'
}
{
  message: 'Application listening on port 5000',
  level: 'info',
  label: 'log',
  timestamp: '2023-07-23T09:09:50.192Z'
}
{
  message: '😂 database is connected successfully',
  level: 'info',
  label: 'log',
  timestamp: '2023-07-23T09:11:57.801Z'
}
{
  message: 'Application listening on port 5000',
  level: 'info',
  label: 'log',
  timestamp: '2023-07-23T09:11:57.817Z'
}
{
  message: '😂 database is connected successfully',
  level: 'info',
  label: 'log',
  timestamp: '2023-07-23T09:12:09.683Z'
}
{
  message: 'Application listening on port 5000',
  level: 'info',
  label: 'log',
  timestamp: '2023-07-23T09:12:09.708Z'
}
{
  message: '😂 database is connected successfully',
  level: 'info',
  label: 'log',
  timestamp: '2023-07-23T09:13:00.121Z'
}
{
  message: 'Application listening on port 5000',
  level: 'info',
  label: 'log',
  timestamp: '2023-07-23T09:13:00.136Z'
}
{
  message: '😂 database is connected successfully',
  level: 'info',
  label: 'log',
  timestamp: '2023-07-23T09:13:49.844Z'
}
{
  message: 'Application listening on port 5000',
  level: 'info',
  label: 'log',
  timestamp: '2023-07-23T09:13:49.860Z'
}
{
  message: '😂 database is connected successfully',
  level: 'info',
  label: 'log',
  timestamp: '2023-07-23T09:16:45.251Z'
}
{
  message: 'Application listening on port 5000',
  level: 'info',
  label: 'log',
  timestamp: '2023-07-23T09:16:45.271Z'
}
{
  message: '😂 database is connected successfully',
  level: 'info',
  label: 'log',
  timestamp: '2023-07-23T09:18:13.464Z'
}
{
  message: 'Application listening on port 5000',
  level: 'info',
  label: 'log',
  timestamp: '2023-07-23T09:18:13.481Z'
}
{
  message: '😂 database is connected successfully',
  level: 'info',
  label: 'log',
  timestamp: '2023-07-23T09:18:30.751Z'
}
{
  message: 'Application listening on port 5000',
  level: 'info',
  label: 'log',
  timestamp: '2023-07-23T09:18:30.769Z'
}
{
  message: '😂 database is connected successfully',
  level: 'info',
  label: 'log',
  timestamp: '2023-07-23T09:21:22.356Z'
}
{
  message: 'Application listening on port 5000',
  level: 'info',
  label: 'log',
  timestamp: '2023-07-23T09:21:22.419Z'
}
{
  message: '😂 database is connected successfully',
  level: 'info',
  label: 'log',
  timestamp: '2023-07-23T09:22:29.958Z'
}
{
  message: 'Application listening on port 5000',
  level: 'info',
  label: 'log',
  timestamp: '2023-07-23T09:22:29.976Z'
}
{
  message: '😂 database is connected successfully',
  level: 'info',
  label: 'log',
  timestamp: '2023-07-23T09:24:05.594Z'
}
{
  message: 'Application listening on port 5000',
  level: 'info',
  label: 'log',
  timestamp: '2023-07-23T09:24:05.611Z'
}
{
  message: '😂 database is connected successfully',
  level: 'info',
  label: 'log',
  timestamp: '2023-07-23T09:24:28.544Z'
}
{
  message: 'Application listening on port 5000',
  level: 'info',
  label: 'log',
  timestamp: '2023-07-23T09:24:28.587Z'
}
{
  message: '😂 database is connected successfully',
  level: 'info',
  label: 'log',
  timestamp: '2023-07-23T09:24:41.203Z'
}
{
  message: 'Application listening on port 5000',
  level: 'info',
  label: 'log',
  timestamp: '2023-07-23T09:24:41.220Z'
}
{
  message: '😂 database is connected successfully',
  level: 'info',
  label: 'log',
  timestamp: '2023-07-23T09:26:41.763Z'
}
{
  message: 'Application listening on port 5000',
  level: 'info',
  label: 'log',
  timestamp: '2023-07-23T09:26:41.771Z'
}
{
  message: '😂 database is connected successfully',
  level: 'info',
  label: 'log',
  timestamp: '2023-07-23T09:31:07.830Z'
}
{
  message: 'Application listening on port 5000',
  level: 'info',
  label: 'log',
  timestamp: '2023-07-23T09:31:07.838Z'
}
{
  message: '😂 database is connected successfully',
  level: 'info',
  label: 'log',
  timestamp: '2023-07-23T09:32:02.310Z'
}
{
  message: 'Application listening on port 5000',
  level: 'info',
  label: 'log',
  timestamp: '2023-07-23T09:32:02.331Z'
}
{
  message: '😂 database is connected successfully',
  level: 'info',
  label: 'log',
  timestamp: '2023-07-23T09:38:04.526Z'
}
{
  message: 'Application listening on port 5000',
  level: 'info',
  label: 'log',
  timestamp: '2023-07-23T09:38:04.535Z'
}
{
  message: '😂 database is connected successfully',
  level: 'info',
  label: 'log',
  timestamp: '2023-07-23T09:41:37.054Z'
}
{
  message: 'Application listening on port 5000',
  level: 'info',
  label: 'log',
  timestamp: '2023-07-23T09:41:37.067Z'
}
{
  message: '😂 database is connected successfully',
  level: 'info',
  label: 'log',
  timestamp: '2023-07-23T09:42:05.302Z'
}
{
  message: 'Application listening on port 5000',
  level: 'info',
  label: 'log',
  timestamp: '2023-07-23T09:42:05.318Z'
}
{
  message: '😂 database is connected successfully',
  level: 'info',
  label: 'log',
  timestamp: '2023-07-23T09:42:11.822Z'
}
{
  message: 'Application listening on port 5000',
  level: 'info',
  label: 'log',
  timestamp: '2023-07-23T09:42:11.843Z'
}
