{
  message: '😂 database is connected successfully',
  level: 'info',
  label: 'log',
  timestamp: '2023-07-23T08:38:47.680Z'
}
{
  message: 'Application listening on port 5000',
  level: 'info',
  label: 'log',
  timestamp: '2023-07-23T08:38:47.697Z'
}
{
  message: '😂 database is connected successfully',
  level: 'info',
  label: 'log',
  timestamp: '2023-07-23T08:38:54.711Z'
}
{
  message: 'Application listening on port 5000',
  level: 'info',
  label: 'log',
  timestamp: '2023-07-23T08:38:54.739Z'
}
{
  message: '😂 database is connected successfully',
  level: 'info',
  label: 'log',
  timestamp: '2023-07-23T08:40:13.361Z'
}
{
  message: 'Application listening on port 5000',
  level: 'info',
  label: 'log',
  timestamp: '2023-07-23T08:40:13.369Z'
}
{
  message: '😂 database is connected successfully',
  level: 'info',
  label: 'log',
  timestamp: '2023-07-23T08:40:53.342Z'
}
{
  message: 'Application listening on port 5000',
  level: 'info',
  label: 'log',
  timestamp: '2023-07-23T08:40:53.358Z'
}
{
  message: '😂 database is connected successfully',
  level: 'info',
  label: 'log',
  timestamp: '2023-07-23T08:42:12.223Z'
}
{
  message: 'Application listening on port 5000',
  level: 'info',
  label: 'log',
  timestamp: '2023-07-23T08:42:12.231Z'
}
{
  message: '😂 database is connected successfully',
  level: 'info',
  label: 'log',
  timestamp: '2023-07-23T08:43:21.262Z'
}
{
  message: 'Application listening on port 5000',
  level: 'info',
  label: 'log',
  timestamp: '2023-07-23T08:43:21.272Z'
}
{
  message: '😂 database is connected successfully',
  level: 'info',
  label: 'log',
  timestamp: '2023-07-23T08:43:42.997Z'
}
{
  message: 'Application listening on port 5000',
  level: 'info',
  label: 'log',
  timestamp: '2023-07-23T08:43:43.015Z'
}
{
  message: '😂 database is connected successfully',
  level: 'info',
  label: 'log',
  timestamp: '2023-07-23T08:46:36.848Z'
}
{
  message: 'Application listening on port 5000',
  level: 'info',
  label: 'log',
  timestamp: '2023-07-23T08:46:36.859Z'
}
{
  message: '😂 database is connected successfully',
  level: 'info',
  label: 'log',
  timestamp: '2023-07-23T08:46:51.502Z'
}
{
  message: 'Application listening on port 5000',
  level: 'info',
  label: 'log',
  timestamp: '2023-07-23T08:46:51.519Z'
}
{
  message: '😂 database is connected successfully',
  level: 'info',
  label: 'log',
  timestamp: '2023-07-23T08:49:31.196Z'
}
{
  message: 'Application listening on port 5000',
  level: 'info',
  label: 'log',
  timestamp: '2023-07-23T08:49:31.213Z'
}
{
  message: '😂 database is connected successfully',
  level: 'info',
  label: 'log',
  timestamp: '2023-07-23T08:50:46.696Z'
}
{
  message: 'Application listening on port 5000',
  level: 'info',
  label: 'log',
  timestamp: '2023-07-23T08:50:46.705Z'
}
{
  message: '😂 database is connected successfully',
  level: 'info',
  label: 'log',
  timestamp: '2023-07-23T08:51:42.673Z'
}
{
  message: 'Application listening on port 5000',
  level: 'info',
  label: 'log',
  timestamp: '2023-07-23T08:51:42.694Z'
}
{
  message: '😂 database is connected successfully',
  level: 'info',
  label: 'log',
  timestamp: '2023-07-23T08:51:56.843Z'
}
{
  message: 'Application listening on port 5000',
  level: 'info',
  label: 'log',
  timestamp: '2023-07-23T08:51:56.863Z'
}
{
  message: '😂 database is connected successfully',
  level: 'info',
  label: 'log',
  timestamp: '2023-07-23T08:54:18.978Z'
}
{
  message: 'Application listening on port 5000',
  level: 'info',
  label: 'log',
  timestamp: '2023-07-23T08:54:18.987Z'
}
{
  message: '😂 database is connected successfully',
  level: 'info',
  label: 'log',
  timestamp: '2023-07-23T08:54:22.998Z'
}
{
  message: 'Application listening on port 5000',
  level: 'info',
  label: 'log',
  timestamp: '2023-07-23T08:54:23.008Z'
}
{
  message: '😂 database is connected successfully',
  level: 'info',
  label: 'log',
  timestamp: '2023-07-23T08:55:24.054Z'
}
{
  message: 'Application listening on port 5000',
  level: 'info',
  label: 'log',
  timestamp: '2023-07-23T08:55:24.065Z'
}
{
  message: '😂 database is connected successfully',
  level: 'info',
  label: 'log',
  timestamp: '2023-07-23T08:56:34.929Z'
}
{
  message: 'Application listening on port 5000',
  level: 'info',
  label: 'log',
  timestamp: '2023-07-23T08:56:34.951Z'
}
{
  message: '😂 database is connected successfully',
  level: 'info',
  label: 'log',
  timestamp: '2023-07-23T08:57:34.356Z'
}
{
  message: 'Application listening on port 5000',
  level: 'info',
  label: 'log',
  timestamp: '2023-07-23T08:57:34.418Z'
}
