{
  message: '😂 database is connected successfully',
  level: 'info',
  label: 'log',
  timestamp: '2023-07-23T05:28:28.865Z'
}
{
  message: 'Application listening on port 5000',
  level: 'info',
  label: 'log',
  timestamp: '2023-07-23T05:28:28.880Z'
}
{
  message: '😂 database is connected successfully',
  level: 'info',
  label: 'log',
  timestamp: '2023-07-23T05:45:06.690Z'
}
{
  message: 'Application listening on port 5000',
  level: 'info',
  label: 'log',
  timestamp: '2023-07-23T05:45:06.701Z'
}
